<?xml version="1.0" encoding="UTF-8"?>
<!-- Generated by org.testng.reporters.JUnitReportReporter -->
<testsuite skipped="0" hostname="EIL-IT-990-25" name="Brandsdal_Testcases.Navigation_001" tests="1" failures="0" timestamp="16 Jan 2018 06:05:12 GMT" time="16.486" errors="0">
  <testcase name="TC_01" time="16.486" classname="Brandsdal_Testcases.Navigation_001"/>
</testsuite> <!-- Brandsdal_Testcases.Navigation_001 -->
